[2026-04-09 01:23:50] === INICIANDO UPLOAD DE ANEXO ===
[2026-04-09 01:23:50] Nome do arquivo: 1766087980706_6943ee982ce5f_1766059672.pdf
[2026-04-09 01:23:50] Tipo MIME do arquivo: application/pdf
[2026-04-09 01:23:50] Tamanho: 3134797 bytes
[2026-04-09 01:23:50] Resultado do upload: {"original_name":"1766087980706_6943ee982ce5f_1766059672.pdf","file_name":"4f030dc4-96af-4228-ac39-7d8a4c66ff19.pdf","file_path":"\/home\/grupokey\/domains\/grupokey.com.br\/public_html\/app\/Core\/..\/..\/storage\/uploads\/email-attachments\/4f030dc4-96af-4228-ac39-7d8a4c66ff19.pdf","size":3134797,"mime_type":"application\/pdf","extension":"pdf"}
[2026-04-09 01:23:50] Upload de anexo bem-sucedido. Caminho absoluto: /home/grupokey/domains/grupokey.com.br/public_html/storage/uploads/email-attachments/4f030dc4-96af-4228-ac39-7d8a4c66ff19.pdf
[2026-04-09 01:23:50] Caminho relativo para salvar: storage/uploads/email-attachments/4f030dc4-96af-4228-ac39-7d8a4c66ff19.pdf
[2026-04-09 01:23:50] Nome original: 1766087980706_6943ee982ce5f_1766059672.pdf
[2026-04-09 01:23:50] Tamanho: 3134797 bytes
[2026-04-09 01:23:50] Anexo salvo no banco de dados com sucesso
[2026-04-09 01:24:48] Campanha ID: 12 - Total de anexos encontrados: 1
[2026-04-09 01:24:48] Anexos: [{"id":4,"campaign_id":12,"file_path":"storage\/uploads\/email-attachments\/4f030dc4-96af-4228-ac39-7d8a4c66ff19.pdf","file_name":"1766087980706_6943ee982ce5f_1766059672.pdf","file_size":3134797,"file_type":"application\/pdf","created_at":"2026-04-09 01:23:50"}]
[2026-04-09 01:25:00] === TENTATIVA DE INICIAR CAMPANHA ===
[2026-04-09 01:25:00] Campanha ID: 12
[2026-04-09 01:25:00] Usuário: Kennedy
[2026-04-09 01:25:00] Campanha encontrada: {"id":12,"name":"2026 Grupo","status":"DRAFT","scheduled_at":"2026-04-09 01:25:00"}
[2026-04-09 01:25:00] Total de destinatários encontrados: 2
[2026-04-09 01:25:00] Agendando campanha para: 2026-04-09 01:25:00
[2026-04-09 01:25:00] Status da campanha atualizado para: SCHEDULED
[2026-04-09 01:25:00] Destinatários pendentes: 2
[2026-04-09 01:25:00] IDs dos destinatários: [13,14]
[2026-04-09 01:25:00] SUCESSO: 2 destinatários adicionados à fila de envio
[2026-04-09 01:25:00] IMPORTANTE: Para enviar os emails, é necessário executar o processamento da fila
[2026-04-09 01:25:00] URL para processar manualmente: /email-marketing/process-queue
[2026-04-09 01:25:00] Ou configure um cron job para executar automaticamente
[2026-04-09 01:25:00] Campanha ID: 12 - Total de anexos encontrados: 1
[2026-04-09 01:25:00] Anexos: [{"id":4,"campaign_id":12,"file_path":"storage\/uploads\/email-attachments\/4f030dc4-96af-4228-ac39-7d8a4c66ff19.pdf","file_name":"1766087980706_6943ee982ce5f_1766059672.pdf","file_size":3134797,"file_type":"application\/pdf","created_at":"2026-04-09 01:23:50"}]
[2026-04-09 01:30:42] Campanha ID: 12 - Total de anexos encontrados: 1
[2026-04-09 01:30:42] Anexos: [{"id":4,"campaign_id":12,"file_path":"storage\/uploads\/email-attachments\/4f030dc4-96af-4228-ac39-7d8a4c66ff19.pdf","file_name":"1766087980706_6943ee982ce5f_1766059672.pdf","file_size":3134797,"file_type":"application\/pdf","created_at":"2026-04-09 01:23:50"}]
