[2025-11-28 17:31:11] === INÍCIO UPLOAD DE RELATÓRIO ===
[2025-11-28 17:31:11] Usuário ID: 1
[2025-11-28 17:31:11] REQUEST_METHOD: POST
[2025-11-28 17:31:11] CONTENT_TYPE: multipart/form-data; boundary=----WebKitFormBoundary7QcavRY7xz8YMmTV
[2025-11-28 17:31:11] CONTENT_LENGTH: 31384
[2025-11-28 17:31:11] POST recebido: {"report_title":"Relat\u00f3rio Novembro 2025"}
[2025-11-28 17:31:11] FILES recebido: {"excel_file":{"name":"008 - KEY SOLU\u00c7\u00d5ES - MG - AJUSTADO.xlsx","full_path":"008 - KEY SOLU\u00c7\u00d5ES - MG - AJUSTADO.xlsx","type":"application\/vnd.openxmlformats-officedocument.spreadsheetml.sheet","tmp_name":"C:\\Users\\Lucas Moraes\\AppData\\Local\\Temp\\phpC997.tmp","error":0,"size":30985}}
[2025-11-28 17:31:11] FILES count: 1
[2025-11-28 17:31:11] _GET: []
[2025-11-28 17:31:11] _REQUEST: {"report_title":"Relat\u00f3rio Novembro 2025"}
[2025-11-28 17:31:11] upload_tmp_dir: padrão do sistema
[2025-11-28 17:31:11] file_uploads: ON
[2025-11-28 17:31:11] Configurações PHP - upload_max_filesize: 2M | post_max_size: 8M | max_file_uploads: 20
[2025-11-28 17:31:11] Arquivo recebido: Nome=008 - KEY SOLUÇÕES - MG - AJUSTADO.xlsx | Tamanho=30985 bytes (0.03MB) | Tipo=application/vnd.openxmlformats-officedocument.spreadsheetml.sheet
[2025-11-28 17:31:11] Extensão do arquivo: xlsx
[2025-11-28 17:31:11] Diretório de upload: C:\Projetos\grupokey\app\Controllers/../../storage/uploads/billing/
[2025-11-28 17:31:11] Nome do arquivo gerado: 6929dc5fc484b_1764351071.xlsx
[2025-11-28 17:31:11] Caminho completo: C:\Projetos\grupokey\app\Controllers/../../storage/uploads/billing/6929dc5fc484b_1764351071.xlsx
[2025-11-28 17:31:11] Tentando mover arquivo de: C:\Users\Lucas Moraes\AppData\Local\Temp\phpC997.tmp para: C:\Projetos\grupokey\app\Controllers/../../storage/uploads/billing/6929dc5fc484b_1764351071.xlsx
[2025-11-28 17:31:11] SUCESSO: Arquivo salvo: C:\Projetos\grupokey\app\Controllers/../../storage/uploads/billing/6929dc5fc484b_1764351071.xlsx
[2025-11-28 17:31:11] Arquivo existe? SIM
[2025-11-28 17:31:11] Tamanho do arquivo salvo: 30985 bytes
[2025-11-28 17:31:11] Título do relatório: Relatório Novembro 2025
[2025-11-28 17:31:11] Código da empresa: N/A
[2025-11-28 17:31:11] Iniciando processamento do arquivo Excel...
[2025-11-28 17:31:28] SUCESSO: Processamento concluído. Registros processados: 272
[2025-11-28 17:31:28] ID do relatório criado: 11
[2025-11-28 17:31:28] Arquivo temporário removido após processamento
[2025-11-28 17:31:28] === FIM UPLOAD DE RELATÓRIO - SUCESSO ===
