[2026-04-10 20:00:55] === PRODUTOS RECEBIDOS NO STORE ===
[2026-04-10 20:00:55] Produtos brutos: ["CDC","CDX_EVO","PAGBANK"]
[2026-04-10 20:00:55] Produto #0: Original='CDC' | Após trim='CDC' | Tamanho=3
[2026-04-10 20:00:55] Produto válido adicionado: CDC
[2026-04-10 20:00:55] Produto #1: Original='CDX_EVO' | Após trim='CDX_EVO' | Tamanho=7
[2026-04-10 20:00:55] Produto válido adicionado: CDX_EVO
[2026-04-10 20:00:55] Produto #2: Original='PAGBANK' | Após trim='PAGBANK' | Tamanho=7
[2026-04-10 20:00:55] Produto válido adicionado: PAGBANK
[2026-04-10 20:00:55] Produtos válidos finais: ["CDC","CDX_EVO","PAGBANK"]
[2026-04-10 20:00:55] Produtos antigos removidos para representante 22
[2026-04-10 20:00:55] === SETPRODUCTS - INSERINDO PRODUTOS ===
[2026-04-10 20:00:55] Representante ID: 22
[2026-04-10 20:00:55] Produtos recebidos: ["CDC","CDX_EVO","PAGBANK"]
[2026-04-10 20:00:55] Inserindo produto: CDC (tamanho: 3)
[2026-04-10 20:00:55] ✅ Produto inserido com sucesso: CDC (ID: 39)
[2026-04-10 20:00:55] Inserindo produto: CDX_EVO (tamanho: 7)
[2026-04-10 20:00:55] ✅ Produto inserido com sucesso: CDX_EVO (ID: 40)
[2026-04-10 20:00:55] Inserindo produto: PAGBANK (tamanho: 7)
[2026-04-10 20:00:55] ✅ Produto inserido com sucesso: PAGBANK (ID: 41)
[2026-04-10 20:00:55] getProducts para representante 22: [{"product_type":"CDC"},{"product_type":"CDX_EVO"},{"product_type":"PAGBANK"}]
[2026-04-10 20:00:55] Produtos salvos no banco (verificação): [{"product_type":"CDC"},{"product_type":"CDX_EVO"},{"product_type":"PAGBANK"}]
[2026-04-10 20:11:00] === PRODUTOS RECEBIDOS NO STORE ===
[2026-04-10 20:11:00] Produtos brutos: ["CDC","CDX_EVO","PAGBANK"]
[2026-04-10 20:11:00] Produto #0: Original='CDC' | Após trim='CDC' | Tamanho=3
[2026-04-10 20:11:00] Produto válido adicionado: CDC
[2026-04-10 20:11:00] Produto #1: Original='CDX_EVO' | Após trim='CDX_EVO' | Tamanho=7
[2026-04-10 20:11:00] Produto válido adicionado: CDX_EVO
[2026-04-10 20:11:00] Produto #2: Original='PAGBANK' | Após trim='PAGBANK' | Tamanho=7
[2026-04-10 20:11:00] Produto válido adicionado: PAGBANK
[2026-04-10 20:11:00] Produtos válidos finais: ["CDC","CDX_EVO","PAGBANK"]
[2026-04-10 20:11:00] Produtos antigos removidos para representante 23
[2026-04-10 20:11:00] === SETPRODUCTS - INSERINDO PRODUTOS ===
[2026-04-10 20:11:00] Representante ID: 23
[2026-04-10 20:11:00] Produtos recebidos: ["CDC","CDX_EVO","PAGBANK"]
[2026-04-10 20:11:00] Inserindo produto: CDC (tamanho: 3)
[2026-04-10 20:11:00] ✅ Produto inserido com sucesso: CDC (ID: 42)
[2026-04-10 20:11:00] Inserindo produto: CDX_EVO (tamanho: 7)
[2026-04-10 20:11:00] ✅ Produto inserido com sucesso: CDX_EVO (ID: 43)
[2026-04-10 20:11:00] Inserindo produto: PAGBANK (tamanho: 7)
[2026-04-10 20:11:00] ✅ Produto inserido com sucesso: PAGBANK (ID: 44)
[2026-04-10 20:11:00] getProducts para representante 23: [{"product_type":"CDC"},{"product_type":"CDX_EVO"},{"product_type":"PAGBANK"}]
[2026-04-10 20:11:00] Produtos salvos no banco (verificação): [{"product_type":"CDC"},{"product_type":"CDX_EVO"},{"product_type":"PAGBANK"}]
